;  LST file generated by mikroListExporter - v.2.0 
; Date/Time: 23-Oct-17 5:21:22 PM
;----------------------------------------------

;Address Opcode 	ASM
0x0000	0xF001EF2E  	GOTO        604
0x0004	0x0000      	NOP
0x0006	0x0000      	NOP
0x0008	0xF000EF00  	GOTO        0
0x000C	0x0000      	NOP
0x000E	0x0000      	NOP
0x0010	0x0000      	NOP
0x0012	0x0000      	NOP
0x0014	0x0000      	NOP
0x0016	0x0000      	NOP
0x0018	0xD7F3      	BRA         0
_Delay_5500us:
;__Lib_Delays.c,31 :: 		void Delay_5500us() {
;__Lib_Delays.c,32 :: 		Delay_us(5500);
0x001C	0x0E0F      	MOVLW       15
0x001E	0x6E0C      	MOVWF       R12, 0
0x0020	0x0E47      	MOVLW       71
0x0022	0x6E0D      	MOVWF       R13, 0
L_Delay_5500us5:
0x0024	0x2E0D      	DECFSZ      R13, 1, 0
0x0026	0xD7FE      	BRA         L_Delay_5500us5
0x0028	0x2E0C      	DECFSZ      R12, 1, 0
0x002A	0xD7FC      	BRA         L_Delay_5500us5
0x002C	0x0000      	NOP
0x002E	0x0000      	NOP
;__Lib_Delays.c,33 :: 		}
L_end_Delay_5500us:
0x0030	0x0012      	RETURN      0
; end of _Delay_5500us
_Delay_50us:
;__Lib_Delays.c,19 :: 		void Delay_50us() {
;__Lib_Delays.c,20 :: 		Delay_us(50);
0x0032	0x0E21      	MOVLW       33
0x0034	0x6E0D      	MOVWF       R13, 0
L_Delay_50us2:
0x0036	0x2E0D      	DECFSZ      R13, 1, 0
0x0038	0xD7FE      	BRA         L_Delay_50us2
;__Lib_Delays.c,21 :: 		}
L_end_Delay_50us:
0x003A	0x0012      	RETURN      0
; end of _Delay_50us
_Delay_1us:
;__Lib_Delays.c,7 :: 		void Delay_1us() {
;__Lib_Delays.c,8 :: 		Delay_us(1);
0x003C	0x0000      	NOP
0x003E	0x0000      	NOP
;__Lib_Delays.c,9 :: 		}
L_end_Delay_1us:
0x0040	0x0012      	RETURN      0
; end of _Delay_1us
_Lcd_Cmd:
;__Lib_Lcd.c,18 :: 		
;__Lib_Lcd.c,20 :: 		
0x0042	0xBE49      	BTFSC       FARG_Lcd_Cmd_out_char, 7 
0x0044	0xD002      	BRA         L__Lcd_Cmd21
0x0046	0x9E81      	BCF         LCD_D7, BitPos(LCD_D7+0) 
0x0048	0xD001      	BRA         L__Lcd_Cmd22
L__Lcd_Cmd21:
0x004A	0x8E81      	BSF         LCD_D7, BitPos(LCD_D7+0) 
L__Lcd_Cmd22:
;__Lib_Lcd.c,21 :: 		
0x004C	0xBC49      	BTFSC       FARG_Lcd_Cmd_out_char, 6 
0x004E	0xD002      	BRA         L__Lcd_Cmd23
0x0050	0x9C81      	BCF         LCD_D6, BitPos(LCD_D6+0) 
0x0052	0xD001      	BRA         L__Lcd_Cmd24
L__Lcd_Cmd23:
0x0054	0x8C81      	BSF         LCD_D6, BitPos(LCD_D6+0) 
L__Lcd_Cmd24:
;__Lib_Lcd.c,22 :: 		
0x0056	0xBA49      	BTFSC       FARG_Lcd_Cmd_out_char, 5 
0x0058	0xD002      	BRA         L__Lcd_Cmd25
0x005A	0x9A81      	BCF         LCD_D5, BitPos(LCD_D5+0) 
0x005C	0xD001      	BRA         L__Lcd_Cmd26
L__Lcd_Cmd25:
0x005E	0x8A81      	BSF         LCD_D5, BitPos(LCD_D5+0) 
L__Lcd_Cmd26:
;__Lib_Lcd.c,23 :: 		
0x0060	0xB849      	BTFSC       FARG_Lcd_Cmd_out_char, 4 
0x0062	0xD002      	BRA         L__Lcd_Cmd27
0x0064	0x9881      	BCF         LCD_D4, BitPos(LCD_D4+0) 
0x0066	0xD001      	BRA         L__Lcd_Cmd28
L__Lcd_Cmd27:
0x0068	0x8881      	BSF         LCD_D4, BitPos(LCD_D4+0) 
L__Lcd_Cmd28:
;__Lib_Lcd.c,25 :: 		
0x006A	0xB03E      	BTFSC       __Lib_Lcd_cmd_status, BitPos(__Lib_Lcd_cmd_status+0) 
0x006C	0xD002      	BRA         L__Lcd_Cmd29
0x006E	0x8081      	BSF         LCD_RS, BitPos(LCD_RS+0) 
0x0070	0xD001      	BRA         L__Lcd_Cmd30
L__Lcd_Cmd29:
0x0072	0x9081      	BCF         LCD_RS, BitPos(LCD_RS+0) 
L__Lcd_Cmd30:
;__Lib_Lcd.c,28 :: 		
0x0074	0x8281      	BSF         LCD_EN, BitPos(LCD_EN+0) 
;__Lib_Lcd.c,29 :: 		
0x0076	0xDFE2      	RCALL       _Delay_1us
;__Lib_Lcd.c,30 :: 		
0x0078	0x9281      	BCF         LCD_EN, BitPos(LCD_EN+0) 
;__Lib_Lcd.c,33 :: 		
0x007A	0xB649      	BTFSC       FARG_Lcd_Cmd_out_char, 3 
0x007C	0xD002      	BRA         L__Lcd_Cmd31
0x007E	0x9E81      	BCF         LCD_D7, BitPos(LCD_D7+0) 
0x0080	0xD001      	BRA         L__Lcd_Cmd32
L__Lcd_Cmd31:
0x0082	0x8E81      	BSF         LCD_D7, BitPos(LCD_D7+0) 
L__Lcd_Cmd32:
;__Lib_Lcd.c,34 :: 		
0x0084	0xB449      	BTFSC       FARG_Lcd_Cmd_out_char, 2 
0x0086	0xD002      	BRA         L__Lcd_Cmd33
0x0088	0x9C81      	BCF         LCD_D6, BitPos(LCD_D6+0) 
0x008A	0xD001      	BRA         L__Lcd_Cmd34
L__Lcd_Cmd33:
0x008C	0x8C81      	BSF         LCD_D6, BitPos(LCD_D6+0) 
L__Lcd_Cmd34:
;__Lib_Lcd.c,35 :: 		
0x008E	0xB249      	BTFSC       FARG_Lcd_Cmd_out_char, 1 
0x0090	0xD002      	BRA         L__Lcd_Cmd35
0x0092	0x9A81      	BCF         LCD_D5, BitPos(LCD_D5+0) 
0x0094	0xD001      	BRA         L__Lcd_Cmd36
L__Lcd_Cmd35:
0x0096	0x8A81      	BSF         LCD_D5, BitPos(LCD_D5+0) 
L__Lcd_Cmd36:
;__Lib_Lcd.c,36 :: 		
0x0098	0xB049      	BTFSC       FARG_Lcd_Cmd_out_char, 0 
0x009A	0xD002      	BRA         L__Lcd_Cmd37
0x009C	0x9881      	BCF         LCD_D4, BitPos(LCD_D4+0) 
0x009E	0xD001      	BRA         L__Lcd_Cmd38
L__Lcd_Cmd37:
0x00A0	0x8881      	BSF         LCD_D4, BitPos(LCD_D4+0) 
L__Lcd_Cmd38:
;__Lib_Lcd.c,38 :: 		
0x00A2	0xB03E      	BTFSC       __Lib_Lcd_cmd_status, BitPos(__Lib_Lcd_cmd_status+0) 
0x00A4	0xD002      	BRA         L__Lcd_Cmd39
0x00A6	0x8081      	BSF         LCD_RS, BitPos(LCD_RS+0) 
0x00A8	0xD001      	BRA         L__Lcd_Cmd40
L__Lcd_Cmd39:
0x00AA	0x9081      	BCF         LCD_RS, BitPos(LCD_RS+0) 
L__Lcd_Cmd40:
;__Lib_Lcd.c,40 :: 		
0x00AC	0x8281      	BSF         LCD_EN, BitPos(LCD_EN+0) 
;__Lib_Lcd.c,41 :: 		
0x00AE	0xDFC6      	RCALL       _Delay_1us
;__Lib_Lcd.c,42 :: 		
0x00B0	0x9281      	BCF         LCD_EN, BitPos(LCD_EN+0) 
;__Lib_Lcd.c,44 :: 		
0x00B2	0xA03E      	BTFSS       __Lib_Lcd_cmd_status, BitPos(__Lib_Lcd_cmd_status+0) 
0x00B4	0xD002      	BRA         L_Lcd_Cmd0
;__Lib_Lcd.c,45 :: 		
0x00B6	0xDFB2      	RCALL       _Delay_5500us
0x00B8	0xD001      	BRA         L_Lcd_Cmd1
L_Lcd_Cmd0:
;__Lib_Lcd.c,47 :: 		
0x00BA	0xDFBB      	RCALL       _Delay_50us
L_Lcd_Cmd1:
;__Lib_Lcd.c,48 :: 		
L_end_Lcd_Cmd:
0x00BC	0x0012      	RETURN      0
; end of _Lcd_Cmd
_Lcd_Chr_CP:
;__Lib_Lcd.c,50 :: 		
;__Lib_Lcd.c,52 :: 		
0x00BE	0x903E      	BCF         __Lib_Lcd_cmd_status, BitPos(__Lib_Lcd_cmd_status+0) 
;__Lib_Lcd.c,53 :: 		
0x00C0	0xF049C048  	MOVFF       FARG_Lcd_Chr_CP_out_char, FARG_Lcd_Cmd_out_char
0x00C4	0xDFBE      	RCALL       _Lcd_Cmd
;__Lib_Lcd.c,54 :: 		
0x00C6	0x803E      	BSF         __Lib_Lcd_cmd_status, BitPos(__Lib_Lcd_cmd_status+0) 
;__Lib_Lcd.c,55 :: 		
L_end_Lcd_Chr_CP:
0x00C8	0x0012      	RETURN      0
; end of _Lcd_Chr_CP
_UART1_Init:
;__Lib_UART_c67.c,15 :: 		
;__Lib_UART_c67.c,18 :: 		
0x00CA	0x0EFF      	MOVLW       _UART1_Write
0x00CC	0x6E31      	MOVWF       _UART_Wr_Ptr 
0x00CE	0x0EFF      	MOVLW       hi_addr(_UART1_Write)
0x00D0	0x6E32      	MOVWF       _UART_Wr_Ptr+1 
0x00D2	0x0EFF      	MOVLW       FARG_UART1_Write_data_
0x00D4	0x6E33      	MOVWF       _UART_Wr_Ptr+2 
0x00D6	0x0EFF      	MOVLW       hi_addr(FARG_UART1_Write_data_)
0x00D8	0x6E34      	MOVWF       _UART_Wr_Ptr+3 
;__Lib_UART_c67.c,19 :: 		
0x00DA	0x0E4A      	MOVLW       _UART1_Read
0x00DC	0x6E35      	MOVWF       _UART_Rd_Ptr 
0x00DE	0x0E02      	MOVLW       hi_addr(_UART1_Read)
0x00E0	0x6E36      	MOVWF       _UART_Rd_Ptr+1 
0x00E2	0x0E00      	MOVLW       0
0x00E4	0x6E37      	MOVWF       _UART_Rd_Ptr+2 
0x00E6	0x0E00      	MOVLW       0
0x00E8	0x6E38      	MOVWF       _UART_Rd_Ptr+3 
;__Lib_UART_c67.c,20 :: 		
0x00EA	0x0E40      	MOVLW       _UART1_Data_Ready
0x00EC	0x6E39      	MOVWF       _UART_Rdy_Ptr 
0x00EE	0x0E02      	MOVLW       hi_addr(_UART1_Data_Ready)
0x00F0	0x6E3A      	MOVWF       _UART_Rdy_Ptr+1 
0x00F2	0x0E00      	MOVLW       0
0x00F4	0x6E3B      	MOVWF       _UART_Rdy_Ptr+2 
0x00F6	0x0E00      	MOVLW       0
0x00F8	0x6E3C      	MOVWF       _UART_Rdy_Ptr+3 
;__Lib_UART_c67.c,21 :: 		
0x00FA	0x0EFF      	MOVLW       _UART1_Tx_Idle
0x00FC	0x6E3F      	MOVWF       _UART_Tx_Idle_Ptr 
0x00FE	0x0EFF      	MOVLW       hi_addr(_UART1_Tx_Idle)
0x0100	0x6E40      	MOVWF       _UART_Tx_Idle_Ptr+1 
0x0102	0x0E00      	MOVLW       0
0x0104	0x6E41      	MOVWF       _UART_Tx_Idle_Ptr+2 
0x0106	0x0E00      	MOVLW       0
0x0108	0x6E42      	MOVWF       _UART_Tx_Idle_Ptr+3 
;__Lib_UART_c67.c,23 :: 		
0x010A	0x8AAC      	BSF         TXSTA, 5 
;__Lib_UART_c67.c,24 :: 		
0x010C	0x0E90      	MOVLW       144
0x010E	0x6EAB      	MOVWF       RCSTA 
;__Lib_UART_c67.c,25 :: 		
0x0110	0x8E94      	BSF         TRISC7_bit, BitPos(TRISC7_bit+0) 
;__Lib_UART_c67.c,26 :: 		
0x0112	0x9C94      	BCF         TRISC6_bit, BitPos(TRISC6_bit+0) 
;__Lib_UART_c67.c,28 :: 		
L_UART1_Init0:
0x0114	0xAA9E      	BTFSS       PIR1, 5 
0x0116	0xD003      	BRA         L_UART1_Init1
;__Lib_UART_c67.c,29 :: 		
0x0118	0xF000CFAE  	MOVFF       RCREG, R0
0x011C	0xD7FB      	BRA         L_UART1_Init0
L_UART1_Init1:
;__Lib_UART_c67.c,30 :: 		
L_end_UART1_Init:
0x011E	0x0012      	RETURN      0
; end of _UART1_Init
___CC2DW:
;__Lib_System.c,21 :: 		
;__Lib_System.c,23 :: 		
_CC2DL_Loop1:
;__Lib_System.c,24 :: 		
0x0120	0x0009      	TBLRD*+
;__Lib_System.c,25 :: 		
0x0122	0xFFE6CFF5  	MOVFF       TABLAT, POSTINC1
;__Lib_System.c,26 :: 		
0x0126	0x0600      	DECF        R0, 1, 0
;__Lib_System.c,27 :: 		
0x0128	0xE1FB      	BNZ         _CC2DL_Loop1
;__Lib_System.c,28 :: 		
0x012A	0x0601      	DECF        R1, 1, 0
;__Lib_System.c,29 :: 		
0x012C	0xE1F9      	BNZ         _CC2DL_Loop1
;__Lib_System.c,31 :: 		
L_end___CC2DW:
0x012E	0x0012      	RETURN      0
; end of ___CC2DW
_Lcd_Init:
;__Lib_Lcd.c,84 :: 		
;__Lib_Lcd.c,86 :: 		
0x0130	0x9293      	BCF         LCD_EN_Direction, BitPos(LCD_EN_Direction+0) 
;__Lib_Lcd.c,87 :: 		
0x0132	0x9093      	BCF         LCD_RS_Direction, BitPos(LCD_RS_Direction+0) 
;__Lib_Lcd.c,88 :: 		
0x0134	0x9893      	BCF         LCD_D4_Direction, BitPos(LCD_D4_Direction+0) 
;__Lib_Lcd.c,89 :: 		
0x0136	0x9A93      	BCF         LCD_D5_Direction, BitPos(LCD_D5_Direction+0) 
;__Lib_Lcd.c,90 :: 		
0x0138	0x9C93      	BCF         LCD_D6_Direction, BitPos(LCD_D6_Direction+0) 
;__Lib_Lcd.c,91 :: 		
0x013A	0x9E93      	BCF         LCD_D7_Direction, BitPos(LCD_D7_Direction+0) 
;__Lib_Lcd.c,93 :: 		
0x013C	0x9281      	BCF         LCD_EN, BitPos(LCD_EN+0) 
;__Lib_Lcd.c,94 :: 		
0x013E	0x9081      	BCF         LCD_RS, BitPos(LCD_RS+0) 
;__Lib_Lcd.c,95 :: 		
0x0140	0x9E81      	BCF         LCD_D7, BitPos(LCD_D7+0) 
;__Lib_Lcd.c,96 :: 		
0x0142	0x9C81      	BCF         LCD_D6, BitPos(LCD_D6+0) 
;__Lib_Lcd.c,97 :: 		
0x0144	0x9A81      	BCF         LCD_D5, BitPos(LCD_D5+0) 
;__Lib_Lcd.c,98 :: 		
0x0146	0x9881      	BCF         LCD_D4, BitPos(LCD_D4+0) 
;__Lib_Lcd.c,100 :: 		
0x0148	0xDF69      	RCALL       _Delay_5500us
;__Lib_Lcd.c,101 :: 		
0x014A	0xDF68      	RCALL       _Delay_5500us
;__Lib_Lcd.c,102 :: 		
0x014C	0xDF67      	RCALL       _Delay_5500us
;__Lib_Lcd.c,105 :: 		
0x014E	0x8A81      	BSF         LCD_D5, BitPos(LCD_D5+0) 
;__Lib_Lcd.c,106 :: 		
0x0150	0x8881      	BSF         LCD_D4, BitPos(LCD_D4+0) 
;__Lib_Lcd.c,107 :: 		
0x0152	0x8281      	BSF         LCD_EN, BitPos(LCD_EN+0) 
;__Lib_Lcd.c,108 :: 		
0x0154	0xDF73      	RCALL       _Delay_1us
;__Lib_Lcd.c,109 :: 		
0x0156	0x9281      	BCF         LCD_EN, BitPos(LCD_EN+0) 
;__Lib_Lcd.c,110 :: 		
0x0158	0xDF61      	RCALL       _Delay_5500us
;__Lib_Lcd.c,112 :: 		
0x015A	0x8281      	BSF         LCD_EN, BitPos(LCD_EN+0) 
;__Lib_Lcd.c,113 :: 		
0x015C	0xDF6F      	RCALL       _Delay_1us
;__Lib_Lcd.c,114 :: 		
0x015E	0x9281      	BCF         LCD_EN, BitPos(LCD_EN+0) 
;__Lib_Lcd.c,115 :: 		
0x0160	0xDF5D      	RCALL       _Delay_5500us
;__Lib_Lcd.c,117 :: 		
0x0162	0x8281      	BSF         LCD_EN, BitPos(LCD_EN+0) 
;__Lib_Lcd.c,118 :: 		
0x0164	0xDF6B      	RCALL       _Delay_1us
;__Lib_Lcd.c,119 :: 		
0x0166	0x9281      	BCF         LCD_EN, BitPos(LCD_EN+0) 
;__Lib_Lcd.c,120 :: 		
0x0168	0xDF59      	RCALL       _Delay_5500us
;__Lib_Lcd.c,123 :: 		
0x016A	0x9881      	BCF         LCD_D4, BitPos(LCD_D4+0) 
;__Lib_Lcd.c,124 :: 		
0x016C	0x8281      	BSF         LCD_EN, BitPos(LCD_EN+0) 
;__Lib_Lcd.c,125 :: 		
0x016E	0xDF66      	RCALL       _Delay_1us
;__Lib_Lcd.c,126 :: 		
0x0170	0x9281      	BCF         LCD_EN, BitPos(LCD_EN+0) 
;__Lib_Lcd.c,127 :: 		
0x0172	0xDF54      	RCALL       _Delay_5500us
;__Lib_Lcd.c,130 :: 		
0x0174	0x8281      	BSF         LCD_EN, BitPos(LCD_EN+0) 
;__Lib_Lcd.c,131 :: 		
0x0176	0xDF62      	RCALL       _Delay_1us
;__Lib_Lcd.c,132 :: 		
0x0178	0x9281      	BCF         LCD_EN, BitPos(LCD_EN+0) 
;__Lib_Lcd.c,134 :: 		
0x017A	0x9A81      	BCF         LCD_D5, BitPos(LCD_D5+0) 
;__Lib_Lcd.c,135 :: 		
0x017C	0x8E81      	BSF         LCD_D7, BitPos(LCD_D7+0) 
;__Lib_Lcd.c,136 :: 		
0x017E	0x8281      	BSF         LCD_EN, BitPos(LCD_EN+0) 
;__Lib_Lcd.c,137 :: 		
0x0180	0xDF5D      	RCALL       _Delay_1us
;__Lib_Lcd.c,138 :: 		
0x0182	0x9281      	BCF         LCD_EN, BitPos(LCD_EN+0) 
;__Lib_Lcd.c,139 :: 		
0x0184	0xDF4B      	RCALL       _Delay_5500us
;__Lib_Lcd.c,142 :: 		
0x0186	0x9E81      	BCF         LCD_D7, BitPos(LCD_D7+0) 
;__Lib_Lcd.c,143 :: 		
0x0188	0x8881      	BSF         LCD_D4, BitPos(LCD_D4+0) 
;__Lib_Lcd.c,144 :: 		
0x018A	0x8281      	BSF         LCD_EN, BitPos(LCD_EN+0) 
;__Lib_Lcd.c,145 :: 		
0x018C	0xDF57      	RCALL       _Delay_1us
;__Lib_Lcd.c,146 :: 		
0x018E	0x9281      	BCF         LCD_EN, BitPos(LCD_EN+0) 
;__Lib_Lcd.c,148 :: 		
0x0190	0x9881      	BCF         LCD_D4, BitPos(LCD_D4+0) 
;__Lib_Lcd.c,149 :: 		
0x0192	0x8281      	BSF         LCD_EN, BitPos(LCD_EN+0) 
;__Lib_Lcd.c,150 :: 		
0x0194	0xDF53      	RCALL       _Delay_1us
;__Lib_Lcd.c,151 :: 		
0x0196	0x9281      	BCF         LCD_EN, BitPos(LCD_EN+0) 
;__Lib_Lcd.c,152 :: 		
0x0198	0xDF41      	RCALL       _Delay_5500us
;__Lib_Lcd.c,155 :: 		
0x019A	0x8281      	BSF         LCD_EN, BitPos(LCD_EN+0) 
;__Lib_Lcd.c,156 :: 		
0x019C	0xDF4F      	RCALL       _Delay_1us
;__Lib_Lcd.c,157 :: 		
0x019E	0x9281      	BCF         LCD_EN, BitPos(LCD_EN+0) 
;__Lib_Lcd.c,159 :: 		
0x01A0	0x8881      	BSF         LCD_D4, BitPos(LCD_D4+0) 
;__Lib_Lcd.c,160 :: 		
0x01A2	0x8281      	BSF         LCD_EN, BitPos(LCD_EN+0) 
;__Lib_Lcd.c,161 :: 		
0x01A4	0xDF4B      	RCALL       _Delay_1us
;__Lib_Lcd.c,162 :: 		
0x01A6	0x9281      	BCF         LCD_EN, BitPos(LCD_EN+0) 
;__Lib_Lcd.c,163 :: 		
0x01A8	0xDF39      	RCALL       _Delay_5500us
;__Lib_Lcd.c,166 :: 		
0x01AA	0x9881      	BCF         LCD_D4, BitPos(LCD_D4+0) 
;__Lib_Lcd.c,167 :: 		
0x01AC	0x8281      	BSF         LCD_EN, BitPos(LCD_EN+0) 
;__Lib_Lcd.c,168 :: 		
0x01AE	0xDF46      	RCALL       _Delay_1us
;__Lib_Lcd.c,169 :: 		
0x01B0	0x9281      	BCF         LCD_EN, BitPos(LCD_EN+0) 
;__Lib_Lcd.c,171 :: 		
0x01B2	0x8E81      	BSF         LCD_D7, BitPos(LCD_D7+0) 
;__Lib_Lcd.c,172 :: 		
0x01B4	0x8C81      	BSF         LCD_D6, BitPos(LCD_D6+0) 
;__Lib_Lcd.c,173 :: 		
0x01B6	0x8A81      	BSF         LCD_D5, BitPos(LCD_D5+0) 
;__Lib_Lcd.c,174 :: 		
0x01B8	0x8881      	BSF         LCD_D4, BitPos(LCD_D4+0) 
;__Lib_Lcd.c,175 :: 		
0x01BA	0x8281      	BSF         LCD_EN, BitPos(LCD_EN+0) 
;__Lib_Lcd.c,176 :: 		
0x01BC	0xDF3F      	RCALL       _Delay_1us
;__Lib_Lcd.c,177 :: 		
0x01BE	0x9281      	BCF         LCD_EN, BitPos(LCD_EN+0) 
;__Lib_Lcd.c,179 :: 		
0x01C0	0xDF2D      	RCALL       _Delay_5500us
;__Lib_Lcd.c,181 :: 		
0x01C2	0x803E      	BSF         __Lib_Lcd_cmd_status, BitPos(__Lib_Lcd_cmd_status+0) 
;__Lib_Lcd.c,182 :: 		
L_end_Lcd_Init:
0x01C4	0x0012      	RETURN      0
; end of _Lcd_Init
_Lcd_Out:
;__Lib_Lcd.c,184 :: 		
;__Lib_Lcd.c,187 :: 		
0x01C6	0xD00F      	BRA         L_Lcd_Out11
;__Lib_Lcd.c,188 :: 		
L_Lcd_Out13:
0x01C8	0x0E80      	MOVLW       128
0x01CA	0x6E43      	MOVWF       FARG_Lcd_Out_row 
0x01CC	0xD019      	BRA         L_Lcd_Out12
;__Lib_Lcd.c,189 :: 		
L_Lcd_Out14:
0x01CE	0x0EC0      	MOVLW       192
0x01D0	0x6E43      	MOVWF       FARG_Lcd_Out_row 
0x01D2	0xD016      	BRA         L_Lcd_Out12
;__Lib_Lcd.c,190 :: 		
L_Lcd_Out15:
0x01D4	0x0E94      	MOVLW       148
0x01D6	0x6E43      	MOVWF       FARG_Lcd_Out_row 
0x01D8	0xD013      	BRA         L_Lcd_Out12
;__Lib_Lcd.c,191 :: 		
L_Lcd_Out16:
0x01DA	0x0ED4      	MOVLW       212
0x01DC	0x6E43      	MOVWF       FARG_Lcd_Out_row 
0x01DE	0xD010      	BRA         L_Lcd_Out12
;__Lib_Lcd.c,192 :: 		
L_Lcd_Out17:
0x01E0	0x0E80      	MOVLW       128
0x01E2	0x6E43      	MOVWF       FARG_Lcd_Out_row 
;__Lib_Lcd.c,193 :: 		
0x01E4	0xD00D      	BRA         L_Lcd_Out12
L_Lcd_Out11:
0x01E6	0x5043      	MOVF        FARG_Lcd_Out_row, 0 
0x01E8	0x0A01      	XORLW       1
0x01EA	0xE0EE      	BZ          L_Lcd_Out13
0x01EC	0x5043      	MOVF        FARG_Lcd_Out_row, 0 
0x01EE	0x0A02      	XORLW       2
0x01F0	0xE0EE      	BZ          L_Lcd_Out14
0x01F2	0x5043      	MOVF        FARG_Lcd_Out_row, 0 
0x01F4	0x0A03      	XORLW       3
0x01F6	0xE0EE      	BZ          L_Lcd_Out15
0x01F8	0x5043      	MOVF        FARG_Lcd_Out_row, 0 
0x01FA	0x0A04      	XORLW       4
0x01FC	0xE0EE      	BZ          L_Lcd_Out16
0x01FE	0xD7F0      	BRA         L_Lcd_Out17
L_Lcd_Out12:
;__Lib_Lcd.c,194 :: 		
0x0200	0x0444      	DECF        FARG_Lcd_Out_column, 0 
0x0202	0x6E00      	MOVWF       R0 
0x0204	0x5043      	MOVF        FARG_Lcd_Out_row, 0 
0x0206	0x2600      	ADDWF       R0, 1 
0x0208	0xF043C000  	MOVFF       R0, FARG_Lcd_Out_row
;__Lib_Lcd.c,196 :: 		
0x020C	0xF049C000  	MOVFF       R0, FARG_Lcd_Cmd_out_char
0x0210	0xDF18      	RCALL       _Lcd_Cmd
;__Lib_Lcd.c,197 :: 		
0x0212	0x903E      	BCF         __Lib_Lcd_cmd_status, BitPos(__Lib_Lcd_cmd_status+0) 
;__Lib_Lcd.c,198 :: 		
0x0214	0x6A47      	CLRF        Lcd_Out_i_L0 
;__Lib_Lcd.c,199 :: 		
L_Lcd_Out18:
0x0216	0x5047      	MOVF        Lcd_Out_i_L0, 0 
0x0218	0x2445      	ADDWF       FARG_Lcd_Out_text, 0 
0x021A	0x6EE9      	MOVWF       FSR0L 
0x021C	0x0E00      	MOVLW       0
0x021E	0x2046      	ADDWFC      FARG_Lcd_Out_text+1, 0 
0x0220	0x6EEA      	MOVWF       FSR0H 
0x0222	0x52EE      	MOVF        POSTINC0, 1 
0x0224	0xE00B      	BZ          L_Lcd_Out19
;__Lib_Lcd.c,200 :: 		
0x0226	0x5047      	MOVF        Lcd_Out_i_L0, 0 
0x0228	0x2445      	ADDWF       FARG_Lcd_Out_text, 0 
0x022A	0x6EE9      	MOVWF       FSR0L 
0x022C	0x0E00      	MOVLW       0
0x022E	0x2046      	ADDWFC      FARG_Lcd_Out_text+1, 0 
0x0230	0x6EEA      	MOVWF       FSR0H 
0x0232	0xF048CFEE  	MOVFF       POSTINC0, FARG_Lcd_Chr_CP_out_char
0x0236	0xDF43      	RCALL       _Lcd_Chr_CP
0x0238	0x2A47      	INCF        Lcd_Out_i_L0, 1 
0x023A	0xD7ED      	BRA         L_Lcd_Out18
L_Lcd_Out19:
;__Lib_Lcd.c,201 :: 		
0x023C	0x803E      	BSF         __Lib_Lcd_cmd_status, BitPos(__Lib_Lcd_cmd_status+0) 
;__Lib_Lcd.c,202 :: 		
L_end_Lcd_Out:
0x023E	0x0012      	RETURN      0
; end of _Lcd_Out
_UART1_Data_Ready:
;__Lib_UART_c67.c,34 :: 		
;__Lib_UART_c67.c,35 :: 		
0x0240	0x0E00      	MOVLW       0
0x0242	0xBA9E      	BTFSC       PIR1, 5 
0x0244	0x0E01      	MOVLW       1
0x0246	0x6E00      	MOVWF       R0 
;__Lib_UART_c67.c,36 :: 		
L_end_UART1_Data_Ready:
0x0248	0x0012      	RETURN      0
; end of _UART1_Data_Ready
_UART1_Read:
;__Lib_UART_c67.c,39 :: 		
;__Lib_UART_c67.c,42 :: 		
0x024A	0xF001CFAE  	MOVFF       RCREG, R1
;__Lib_UART_c67.c,43 :: 		
0x024E	0xA2AB      	BTFSS       RCSTA, 1 
0x0250	0xD002      	BRA         L_UART1_Read2
;__Lib_UART_c67.c,44 :: 		
0x0252	0x98AB      	BCF         RCSTA, 4 
;__Lib_UART_c67.c,45 :: 		
0x0254	0x88AB      	BSF         RCSTA, 4 
;__Lib_UART_c67.c,46 :: 		
L_UART1_Read2:
;__Lib_UART_c67.c,47 :: 		
0x0256	0xF000C001  	MOVFF       R1, R0
;__Lib_UART_c67.c,48 :: 		
L_end_UART1_Read:
0x025A	0x0012      	RETURN      0
; end of _UART1_Read
_main:
0x025C	0xF001ECA4  	CALL        840, 0
;PC2PIC.c,19 :: 		void main() {
;PC2PIC.c,20 :: 		TRISA = 0;
0x0260	0x6A92      	CLRF        TRISA 
;PC2PIC.c,21 :: 		TRISB = 0;
0x0262	0x6A93      	CLRF        TRISB 
;PC2PIC.c,22 :: 		TRISD = 0;
0x0264	0x6A95      	CLRF        TRISD 
;PC2PIC.c,24 :: 		TRISC.F0 = 0;
0x0266	0x9094      	BCF         TRISC, 0 
;PC2PIC.c,25 :: 		TRISC.F1 = 0;
0x0268	0x9294      	BCF         TRISC, 1 
;PC2PIC.c,26 :: 		TRISC.F6 = 0;
0x026A	0x9C94      	BCF         TRISC, 6 
;PC2PIC.c,27 :: 		TRISC.F7 = 1;
0x026C	0x8E94      	BSF         TRISC, 7 
;PC2PIC.c,29 :: 		ADCON1 = 0X07;
0x026E	0x0E07      	MOVLW       7
0x0270	0x6EC1      	MOVWF       ADCON1 
;PC2PIC.c,31 :: 		Lcd_Init();                        // Initialize LCD
0x0272	0xDF5E      	RCALL       _Lcd_Init
;PC2PIC.c,32 :: 		Lcd_Cmd(_LCD_CLEAR);               // Clear display
0x0274	0x0E01      	MOVLW       1
0x0276	0x6E49      	MOVWF       FARG_Lcd_Cmd_out_char 
0x0278	0xDEE4      	RCALL       _Lcd_Cmd
;PC2PIC.c,33 :: 		Lcd_Cmd(_LCD_CURSOR_OFF);          // Cursor off
0x027A	0x0E0C      	MOVLW       12
0x027C	0x6E49      	MOVWF       FARG_Lcd_Cmd_out_char 
0x027E	0xDEE1      	RCALL       _Lcd_Cmd
;PC2PIC.c,34 :: 		Lcd_Out(1,2,"Serial Comm");        // Write text in first row
0x0280	0x0E01      	MOVLW       1
0x0282	0x6E43      	MOVWF       FARG_Lcd_Out_row 
0x0284	0x0E02      	MOVLW       2
0x0286	0x6E44      	MOVWF       FARG_Lcd_Out_column 
0x0288	0x0E25      	MOVLW       ?lstr1_PC2PIC
0x028A	0x6E45      	MOVWF       FARG_Lcd_Out_text 
0x028C	0x0E00      	MOVLW       hi_addr(?lstr1_PC2PIC)
0x028E	0x6E46      	MOVWF       FARG_Lcd_Out_text+1 
0x0290	0xDF9A      	RCALL       _Lcd_Out
;PC2PIC.c,36 :: 		Uart1_Init(9600);
0x0292	0x0E33      	MOVLW       51
0x0294	0x6EAF      	MOVWF       SPBRG 
0x0296	0x84AC      	BSF         TXSTA, 2, 0
0x0298	0xDF18      	RCALL       _UART1_Init
;PC2PIC.c,37 :: 		Delay_ms(100);
0x029A	0x0E02      	MOVLW       2
0x029C	0x6E0B      	MOVWF       R11, 0
0x029E	0x0E04      	MOVLW       4
0x02A0	0x6E0C      	MOVWF       R12, 0
0x02A2	0x0EBA      	MOVLW       186
0x02A4	0x6E0D      	MOVWF       R13, 0
L_main0:
0x02A6	0x2E0D      	DECFSZ      R13, 1, 0
0x02A8	0xD7FE      	BRA         L_main0
0x02AA	0x2E0C      	DECFSZ      R12, 1, 0
0x02AC	0xD7FC      	BRA         L_main0
0x02AE	0x2E0B      	DECFSZ      R11, 1, 0
0x02B0	0xD7FA      	BRA         L_main0
0x02B2	0x0000      	NOP
;PC2PIC.c,40 :: 		for(;;)
L_main1:
;PC2PIC.c,43 :: 		if(UART1_Data_Ready())
0x02B4	0xDFC5      	RCALL       _UART1_Data_Ready
0x02B6	0x5200      	MOVF        R0, 1 
0x02B8	0xE003      	BZ          L_main4
;PC2PIC.c,45 :: 		Recv = UART1_Read();
0x02BA	0xDFC7      	RCALL       _UART1_Read
0x02BC	0xF03DC000  	MOVFF       R0, _Recv
;PC2PIC.c,46 :: 		}
L_main4:
;PC2PIC.c,49 :: 		if(Recv == 'Y' || Recv == 'y')
0x02C0	0x503D      	MOVF        _Recv, 0 
0x02C2	0x0A59      	XORLW       89
0x02C4	0xE004      	BZ          L__main17
0x02C6	0x503D      	MOVF        _Recv, 0 
0x02C8	0x0A79      	XORLW       121
0x02CA	0xE001      	BZ          L__main17
0x02CC	0xD005      	BRA         L_main7
L__main17:
;PC2PIC.c,51 :: 		PORTC.F0 = 1;
0x02CE	0x8082      	BSF         PORTC, 0 
;PC2PIC.c,52 :: 		PORTC.F1 = 0;
0x02D0	0x9282      	BCF         PORTC, 1 
;PC2PIC.c,53 :: 		Lcd_Cmd(_LCD_CLEAR);
0x02D2	0x0E01      	MOVLW       1
0x02D4	0x6E49      	MOVWF       FARG_Lcd_Cmd_out_char 
0x02D6	0xDEB5      	RCALL       _Lcd_Cmd
;PC2PIC.c,54 :: 		}
L_main7:
;PC2PIC.c,55 :: 		if(Recv == 'R' || Recv == 'r')
0x02D8	0x503D      	MOVF        _Recv, 0 
0x02DA	0x0A52      	XORLW       82
0x02DC	0xE004      	BZ          L__main16
0x02DE	0x503D      	MOVF        _Recv, 0 
0x02E0	0x0A72      	XORLW       114
0x02E2	0xE001      	BZ          L__main16
0x02E4	0xD005      	BRA         L_main10
L__main16:
;PC2PIC.c,57 :: 		PORTC.F0 = 0;
0x02E6	0x9082      	BCF         PORTC, 0 
;PC2PIC.c,58 :: 		PORTC.F1 = 1;
0x02E8	0x8282      	BSF         PORTC, 1 
;PC2PIC.c,59 :: 		Lcd_Cmd(_LCD_CLEAR);
0x02EA	0x0E01      	MOVLW       1
0x02EC	0x6E49      	MOVWF       FARG_Lcd_Cmd_out_char 
0x02EE	0xDEA9      	RCALL       _Lcd_Cmd
;PC2PIC.c,60 :: 		}
L_main10:
;PC2PIC.c,61 :: 		if(Recv == 'L' || Recv == 'l')
0x02F0	0x503D      	MOVF        _Recv, 0 
0x02F2	0x0A4C      	XORLW       76
0x02F4	0xE004      	BZ          L__main15
0x02F6	0x503D      	MOVF        _Recv, 0 
0x02F8	0x0A6C      	XORLW       108
0x02FA	0xE001      	BZ          L__main15
0x02FC	0xD00B      	BRA         L_main13
L__main15:
;PC2PIC.c,63 :: 		PORTC.F0 = 0;
0x02FE	0x9082      	BCF         PORTC, 0 
;PC2PIC.c,64 :: 		PORTC.F1 = 0;
0x0300	0x9282      	BCF         PORTC, 1 
;PC2PIC.c,65 :: 		Lcd_Out(2, 1, "Test LCD Output");
0x0302	0x0E02      	MOVLW       2
0x0304	0x6E43      	MOVWF       FARG_Lcd_Out_row 
0x0306	0x0E01      	MOVLW       1
0x0308	0x6E44      	MOVWF       FARG_Lcd_Out_column 
0x030A	0x0E15      	MOVLW       ?lstr2_PC2PIC
0x030C	0x6E45      	MOVWF       FARG_Lcd_Out_text 
0x030E	0x0E00      	MOVLW       hi_addr(?lstr2_PC2PIC)
0x0310	0x6E46      	MOVWF       FARG_Lcd_Out_text+1 
0x0312	0xDF59      	RCALL       _Lcd_Out
;PC2PIC.c,66 :: 		}
L_main13:
;PC2PIC.c,68 :: 		Delay_ms(20);
0x0314	0x0E34      	MOVLW       52
0x0316	0x6E0C      	MOVWF       R12, 0
0x0318	0x0EF1      	MOVLW       241
0x031A	0x6E0D      	MOVWF       R13, 0
L_main14:
0x031C	0x2E0D      	DECFSZ      R13, 1, 0
0x031E	0xD7FE      	BRA         L_main14
0x0320	0x2E0C      	DECFSZ      R12, 1, 0
0x0322	0xD7FC      	BRA         L_main14
0x0324	0x0000      	NOP
0x0326	0x0000      	NOP
;PC2PIC.c,70 :: 		}
0x0328	0xD7C5      	BRA         L_main1
;PC2PIC.c,72 :: 		}
L_end_main:
0x032A	0xD7FF      	BRA         $+0
; end of _main
0x0348	0xF015EE10  	LFSR        1, 21
0x034C	0x0E1C      	MOVLW       28
0x034E	0x6E00      	MOVWF       R0 
0x0350	0x0E01      	MOVLW       1
0x0352	0x6E01      	MOVWF       R1 
0x0354	0x0E2C      	MOVLW       44
0x0356	0x6EF6      	MOVWF       4086 
0x0358	0x0E03      	MOVLW       3
0x035A	0x6EF7      	MOVWF       TBLPTRH 
0x035C	0x0E00      	MOVLW       0
0x035E	0x6EF8      	MOVWF       TBLPTRU 
0x0360	0xF000EC90  	CALL        288, 0
0x0364	0x0012      	RETURN      0
;PC2PIC.c,0 :: ?ICS?lstr2_PC2PIC
0x032C	0x6554 ;?ICS?lstr2_PC2PIC+0
0x032E	0x7473 ;?ICS?lstr2_PC2PIC+2
0x0330	0x4C20 ;?ICS?lstr2_PC2PIC+4
0x0332	0x4443 ;?ICS?lstr2_PC2PIC+6
0x0334	0x4F20 ;?ICS?lstr2_PC2PIC+8
0x0336	0x7475 ;?ICS?lstr2_PC2PIC+10
0x0338	0x7570 ;?ICS?lstr2_PC2PIC+12
0x033A	0x0074 ;?ICS?lstr2_PC2PIC+14
; end of ?ICS?lstr2_PC2PIC
;PC2PIC.c,0 :: ?ICS?lstr1_PC2PIC
0x033C	0x6553 ;?ICS?lstr1_PC2PIC+0
0x033E	0x6972 ;?ICS?lstr1_PC2PIC+2
0x0340	0x6C61 ;?ICS?lstr1_PC2PIC+4
0x0342	0x4320 ;?ICS?lstr1_PC2PIC+6
0x0344	0x6D6F ;?ICS?lstr1_PC2PIC+8
0x0346	0x006D ;?ICS?lstr1_PC2PIC+10
; end of ?ICS?lstr1_PC2PIC
Symbol List:
//** Routines locations **
//ADDRESS    SIZE    PROCEDURE
//----------------------------------------------
0x001C      [22]    _Delay_5500us
0x0032      [10]    _Delay_50us
0x003C       [6]    _Delay_1us
0x0042     [124]    _Lcd_Cmd
0x00BE      [12]    _Lcd_Chr_CP
0x00CA      [86]    _UART1_Init
0x0120      [16]    ___CC2DW
0x0130     [150]    _Lcd_Init
0x01C6     [122]    _Lcd_Out
0x0240      [10]    _UART1_Data_Ready
0x024A      [18]    _UART1_Read
0x025C     [208]    _main
//** Variables locations ** 
//ADDRESS    SIZE    VARIABLE
//----------------------------------------------
0x0000       [1]    UART1_Init_tmp_L0
0x0000       [1]    SPI1_Write_tmp_L0
0x0000       [1]    FLASH_Erase_64_SaveINTCON_L0
0x0000       [1]    __Lib_SoftI2C_PutZerosToLATSda_temp_sda_L0
0x0000       [1]    EEPROM_Write_SaveINTCON_L0
0x0000       [1]    __Lib_SoftI2C_PutZerosToLATScl_temp_scl_L0
0x0000       [1]    R0
0x0001       [1]    __Lib_TFT_JPEG_FileRead_i_L0
0x0001       [1]    R1
0x0001       [1]    __Lib_PS2_Wait_Falling_nsample_L0
0x0001       [1]    FLASH_Erase_Write_64_i_L0
0x0001       [1]    ispunct_rslt_L0
0x0001       [1]    __Lib_TFT_JPEG_FileReadBytes_Result_L0
0x0001       [1]    __Lib_TFT_16bit_JPEG_FileReadBytes_Result_L0
0x0001       [1]    UART1_Read___tmp_UART1_Read_L0
0x0001       [2]    FLASH_Read_N_Bytes_i_L0
0x0001       [1]    I2C1_Rd_tmp_L0
0x0001       [1]    FLASH_Write_8_i_L0
0x0001       [1]    __Lib_TFT_16bit_JPEG_FileRead_i_L0
0x0002       [2]    memcpy_dd_L0
0x0002       [2]    memset_pp_L0
0x0002       [1]    R2
0x0002       [1]    FLASH_Write_8_SaveINTCON_L0
0x0002       [2]    memchr_s_L0
0x0002       [1]    FLASH_Erase_Write_64_j_L0
0x0002       [2]    strlen_cp_L0
0x0003       [2]    MM_TotalFreeMemSize_Tot_L0
0x0003       [1]    MM_Init_i_L0
0x0003       [2]    __Lib_MmcFat16_f16_toInt_l_L0
0x0003       [2]    memmove_tt_L0
0x0003       [1]    FLASH_Erase_Write_64_SaveINTCON_L0
0x0003       [1]    R3
0x0003       [1]    __Lib_Sprinti_?FLOC____Lib_Sprinti_Do_FillT29
0x0003       [2]    Ltrim_original_L0
0x0004       [2]    strncpy_cp_L0
0x0004       [2]    frexp_pom_L0
0x0004       [2]    strncat_cp_L0
0x0004       [2]    strcat_cp_L0
0x0004       [2]    strcpy_cp_L0
0x0004       [1]    __Lib_Sprinti_?FLOC____Lib_Sprinti_Do_FillT40
0x0004       [2]    __Lib_MemManager_MM_GetMemAlign_P_L0
0x0004       [1]    R4
0x0004       [2]    memcpy_ss_L0
0x0005       [1]    MM_TotalFreeMemSize_i_L0
0x0005       [1]    __Lib_Sprinti_?FLOC____Lib_Sprinti_Do_FillT54
0x0005       [2]    Ltrim_p_L0
0x0005       [2]    LongIntToHex_input_half_L0
0x0005       [1]    R5
0x0005       [2]    memmove_ff_L0
0x0005       [2]    LongWordToHex_input_half_L0
0x0006       [1]    __Lib_Sprinti_?FLOC____Lib_Sprinti_Do_FillT69
0x0006       [1]    __Lib_MemManager_MM_GetMemAlign_i_L0
0x0006       [1]    R6
0x0007       [1]    __Lib_TFT_JPEG_GenerateHuffmanTables_bLength_L0
0x0007       [1]    __Lib_TFT_16bit_JPEG_GenerateHuffmanTables_bLength_L0
0x0007       [1]    R7
0x0008       [1]    __Lib_TFT_16bit_JPEG_GenerateHuffmanTables_bTable_L0
0x0008       [1]    R8
0x0008       [1]    __Lib_TFT_JPEG_GenerateHuffmanTables_bTable_L0
0x0009       [1]    R9
0x0009       [4]    __Lib_MmcFat16_f16_toLong_l_L0
0x000A       [1]    R10
0x000B       [1]    R11
0x000C       [1]    R12
0x000D       [1]    R13
0x000E       [1]    R14
0x000F       [1]    R15
0x0010       [1]    R16
0x0011       [1]    R17
0x0012       [1]    R18
0x0013       [1]    R19
0x0014       [1]    R20
0x0015      [16]    ?lstr2_PC2PIC
0x0025      [12]    ?lstr1_PC2PIC
0x0031       [4]    _UART_Wr_Ptr
0x0035       [4]    _UART_Rd_Ptr
0x0039       [4]    _UART_Rdy_Ptr
0x003D       [1]    _Recv
0x003E       [0]    __Lib_Lcd_cmd_status
0x003F       [4]    _UART_Tx_Idle_Ptr
0x0043       [1]    FARG_Lcd_Out_row
0x0044       [1]    FARG_Lcd_Out_column
0x0045       [2]    FARG_Lcd_Out_text
0x0047       [1]    Lcd_Out_i_L0
0x0048       [1]    FARG_Lcd_Chr_CP_out_char
0x0049       [1]    FARG_Lcd_Cmd_out_char
0x0F81       [0]    LCD_D7
0x0F81       [0]    RB7_bit
0x0F81       [0]    RB6_bit
0x0F81       [0]    LCD_D4
0x0F81       [0]    RB1_bit
0x0F81       [0]    LCD_D6
0x0F81       [0]    LCD_D5
0x0F81       [0]    LCD_EN
0x0F81       [0]    RB4_bit
0x0F81       [0]    LCD_RS
0x0F81       [0]    RB5_bit
0x0F81       [0]    RB0_bit
0x0F82       [1]    PORTC
0x0F92       [1]    TRISA
0x0F93       [1]    TRISB
0x0F93       [0]    LCD_D6_Direction
0x0F93       [0]    TRISB0_bit
0x0F93       [0]    LCD_EN_Direction
0x0F93       [0]    TRISB1_bit
0x0F93       [0]    LCD_RS_Direction
0x0F93       [0]    LCD_D4_Direction
0x0F93       [0]    TRISB4_bit
0x0F93       [0]    TRISB7_bit
0x0F93       [0]    LCD_D5_Direction
0x0F93       [0]    TRISB6_bit
0x0F93       [0]    LCD_D7_Direction
0x0F93       [0]    TRISB5_bit
0x0F94       [1]    TRISC
0x0F94       [0]    TRISC6_bit
0x0F94       [0]    TRISC7_bit
0x0F95       [1]    TRISD
0x0F9E       [1]    PIR1
0x0FAB       [1]    RCSTA
0x0FAC       [1]    TXSTA
0x0FAE       [1]    RCREG
0x0FAF       [1]    SPBRG
0x0FC1       [1]    ADCON1
0x0FD8       [1]    STATUS
0x0FD9       [1]    FSR2L
0x0FDA       [1]    FSR2H
0x0FDE       [1]    POSTINC2
0x0FE0       [1]    BSR
0x0FE1       [1]    FSR1L
0x0FE2       [1]    FSR1H
0x0FE4       [1]    PREINC1
0x0FE6       [1]    POSTINC1
0x0FE7       [1]    INDF1
0x0FE8       [1]    WREG
0x0FE9       [1]    FSR0L
0x0FEA       [1]    FSR0H
0x0FEE       [1]    POSTINC0
0x0FF3       [1]    PRODL
0x0FF4       [1]    PRODH
0x0FF5       [1]    TABLAT
0x0FF6       [1]    TBLPTRL
0x0FF7       [1]    TBLPTRH
0x0FF8       [1]    TBLPTRU
//** Constants locations ** 
//ADDRESS    SIZE    CONSTANT
//----------------------------------------------
0x032C      [16]    ?ICS?lstr2_PC2PIC
0x033C      [12]    ?ICS?lstr1_PC2PIC
